<?xml version="1.0" encoding="UTF-8"?>
<!-- Generated by org.testng.reporters.JUnitXMLReporter -->
<testsuite hostname="DESKTOP-FRJJSM1" ignored="0" name="Default test" tests="4" failures="0" timestamp="2019-09-25T21:25:47 IST" time="90.23" errors="0">
  <testcase name="checkorders" time="6.499" classname="com.training.regression.tests.Test_085"/>
  <testcase name="checkorders" time="7.346" classname="com.training.regression.tests.Test_085"/>
  <testcase name="checkorders" time="6.889" classname="com.training.regression.tests.Test_085"/>
  <testcase name="checkorders" time="6.346" classname="com.training.regression.tests.Test_085"/>
</testsuite> <!-- Default test -->
